Warning: you requested the nanomsg event logger, but bmv2 was compiled without -DBMELOG, and the event logger cannot be activated
Calling target program-options parser
[07:27:57.006] [bmv2] [D] [thread 7837] Set default default entry for table 'MyIngress.dmac': NoAction - 
Adding interface s1-eth1 as port 1
[07:27:57.007] [bmv2] [D] [thread 7837] Adding interface s1-eth1 as port 1
Adding interface s1-eth2 as port 2
[07:27:57.025] [bmv2] [D] [thread 7837] Adding interface s1-eth2 as port 2
Adding interface s1-eth3 as port 3
[07:27:57.068] [bmv2] [D] [thread 7837] Adding interface s1-eth3 as port 3
Adding interface s1-eth4 as port 4
[07:27:57.120] [bmv2] [D] [thread 7837] Adding interface s1-eth4 as port 4
[07:27:57.149] [bmv2] [I] [thread 7837] Starting Thrift server on port 9090
[07:27:57.149] [bmv2] [I] [thread 7837] Thrift server was started
[07:27:57.505] [bmv2] [T] [thread 7902] bm_get_config
[07:27:57.506] [bmv2] [T] [thread 7902] bm_mt_get_entries
[07:27:57.506] [bmv2] [T] [thread 7902] bm_reset_state
[07:27:57.506] [bmv2] [D] [thread 7902] Resetting simple_switch target-specific state
[07:27:57.506] [bmv2] [D] [thread 7902] resetting PRE state
[07:27:57.507] [bmv2] [T] [thread 7902] bm_table_add_entry
[07:27:57.507] [bmv2] [D] [thread 7902] Entry 0 added to table 'MyIngress.dmac'
[07:27:57.507] [bmv2] [D] [thread 7902] Dumping entry 0
Match key:
* hdr.ethernet.dstAddr: EXACT     00000a000002
Action entry: MyIngress.forward - 2,

[07:27:57.507] [bmv2] [T] [thread 7902] bm_table_add_entry
[07:27:57.507] [bmv2] [D] [thread 7902] Entry 1 added to table 'MyIngress.dmac'
[07:27:57.507] [bmv2] [D] [thread 7902] Dumping entry 1
Match key:
* hdr.ethernet.dstAddr: EXACT     00000a000003
Action entry: MyIngress.forward - 3,

[07:27:57.508] [bmv2] [T] [thread 7902] bm_table_add_entry
[07:27:57.508] [bmv2] [D] [thread 7902] Entry 2 added to table 'MyIngress.dmac'
[07:27:57.508] [bmv2] [D] [thread 7902] Dumping entry 2
Match key:
* hdr.ethernet.dstAddr: EXACT     00000a000004
Action entry: MyIngress.forward - 4,

[07:27:57.508] [bmv2] [T] [thread 7902] bm_mt_get_entries
[07:27:57.509] [bmv2] [T] [thread 7902] bm_mt_get_default_entry
[07:28:01.902] [bmv2] [D] [thread 7843] [0.0] [cxt 0] Processing packet received on port 1
[07:28:01.902] [bmv2] [D] [thread 7843] [0.0] [cxt 0] Parser 'parser': start
[07:28:01.902] [bmv2] [D] [thread 7843] [0.0] [cxt 0] Parser 'parser' entering state 'start'
[07:28:01.902] [bmv2] [D] [thread 7843] [0.0] [cxt 0] Extracting header 'ethernet'
[07:28:01.902] [bmv2] [D] [thread 7843] [0.0] [cxt 0] Parser state 'start' has no switch, going to default next state
[07:28:01.902] [bmv2] [T] [thread 7843] [0.0] [cxt 0] Bytes parsed: 14
[07:28:01.902] [bmv2] [D] [thread 7843] [0.0] [cxt 0] Parser 'parser': end
[07:28:01.902] [bmv2] [D] [thread 7843] [0.0] [cxt 0] Pipeline 'ingress': start
[07:28:01.902] [bmv2] [T] [thread 7843] [0.0] [cxt 0] Applying table 'MyIngress.dmac'
[07:28:01.902] [bmv2] [D] [thread 7843] [0.0] [cxt 0] Looking up key:
* hdr.ethernet.dstAddr: 00000a000002

[07:28:01.902] [bmv2] [D] [thread 7843] [0.0] [cxt 0] Table 'MyIngress.dmac': hit with handle 0
[07:28:01.902] [bmv2] [D] [thread 7843] [0.0] [cxt 0] Dumping entry 0
Match key:
* hdr.ethernet.dstAddr: EXACT     00000a000002
Action entry: MyIngress.forward - 2,

[07:28:01.902] [bmv2] [D] [thread 7843] [0.0] [cxt 0] Action entry is MyIngress.forward - 2,
[07:28:01.902] [bmv2] [T] [thread 7843] [0.0] [cxt 0] Action MyIngress.forward
[07:28:01.902] [bmv2] [T] [thread 7843] [0.0] [cxt 0] /home/p4/simple-switch/program1/p4src/program.p4(66) Primitive standard_metadata.egress_spec = egress_port
[07:28:01.902] [bmv2] [D] [thread 7843] [0.0] [cxt 0] Pipeline 'ingress': end
[07:28:01.902] [bmv2] [D] [thread 7843] [0.0] [cxt 0] Egress port is 2
[07:28:01.902] [bmv2] [D] [thread 7846] [0.0] [cxt 0] Pipeline 'egress': start
[07:28:01.902] [bmv2] [D] [thread 7846] [0.0] [cxt 0] Pipeline 'egress': end
[07:28:01.902] [bmv2] [D] [thread 7846] [0.0] [cxt 0] Deparser 'deparser': start
[07:28:01.902] [bmv2] [D] [thread 7846] [0.0] [cxt 0] Deparsing header 'ethernet'
[07:28:01.902] [bmv2] [D] [thread 7846] [0.0] [cxt 0] Deparser 'deparser': end
[07:28:01.902] [bmv2] [D] [thread 7848] [0.0] [cxt 0] Transmitting packet of size 98 out of port 2
[07:28:01.902] [bmv2] [D] [thread 7843] [1.0] [cxt 0] Processing packet received on port 2
[07:28:01.903] [bmv2] [D] [thread 7843] [1.0] [cxt 0] Parser 'parser': start
[07:28:01.903] [bmv2] [D] [thread 7843] [1.0] [cxt 0] Parser 'parser' entering state 'start'
[07:28:01.903] [bmv2] [D] [thread 7843] [1.0] [cxt 0] Extracting header 'ethernet'
[07:28:01.903] [bmv2] [D] [thread 7843] [1.0] [cxt 0] Parser state 'start' has no switch, going to default next state
[07:28:01.903] [bmv2] [T] [thread 7843] [1.0] [cxt 0] Bytes parsed: 14
[07:28:01.903] [bmv2] [D] [thread 7843] [1.0] [cxt 0] Parser 'parser': end
[07:28:01.903] [bmv2] [D] [thread 7843] [1.0] [cxt 0] Pipeline 'ingress': start
[07:28:01.903] [bmv2] [T] [thread 7843] [1.0] [cxt 0] Applying table 'MyIngress.dmac'
[07:28:01.903] [bmv2] [D] [thread 7843] [1.0] [cxt 0] Looking up key:
* hdr.ethernet.dstAddr: 00000a000001

[07:28:01.903] [bmv2] [D] [thread 7843] [1.0] [cxt 0] Table 'MyIngress.dmac': miss
[07:28:01.903] [bmv2] [D] [thread 7843] [1.0] [cxt 0] Action entry is NoAction - 
[07:28:01.903] [bmv2] [T] [thread 7843] [1.0] [cxt 0] Action NoAction
[07:28:01.903] [bmv2] [D] [thread 7843] [1.0] [cxt 0] Pipeline 'ingress': end
[07:28:01.903] [bmv2] [D] [thread 7843] [1.0] [cxt 0] Egress port is 0
[07:28:01.903] [bmv2] [D] [thread 7844] [1.0] [cxt 0] Pipeline 'egress': start
[07:28:01.903] [bmv2] [D] [thread 7844] [1.0] [cxt 0] Pipeline 'egress': end
[07:28:01.903] [bmv2] [D] [thread 7844] [1.0] [cxt 0] Deparser 'deparser': start
[07:28:01.903] [bmv2] [D] [thread 7844] [1.0] [cxt 0] Deparsing header 'ethernet'
[07:28:01.903] [bmv2] [D] [thread 7844] [1.0] [cxt 0] Deparser 'deparser': end
[07:28:01.903] [bmv2] [D] [thread 7848] [1.0] [cxt 0] Transmitting packet of size 98 out of port 0
[07:28:40.211] [bmv2] [D] [thread 7843] [2.0] [cxt 0] Processing packet received on port 1
[07:28:40.211] [bmv2] [D] [thread 7843] [2.0] [cxt 0] Parser 'parser': start
[07:28:40.211] [bmv2] [D] [thread 7843] [2.0] [cxt 0] Parser 'parser' entering state 'start'
[07:28:40.211] [bmv2] [D] [thread 7843] [2.0] [cxt 0] Extracting header 'ethernet'
[07:28:40.211] [bmv2] [D] [thread 7843] [2.0] [cxt 0] Parser state 'start' has no switch, going to default next state
[07:28:40.211] [bmv2] [T] [thread 7843] [2.0] [cxt 0] Bytes parsed: 14
[07:28:40.211] [bmv2] [D] [thread 7843] [2.0] [cxt 0] Parser 'parser': end
[07:28:40.211] [bmv2] [D] [thread 7843] [2.0] [cxt 0] Pipeline 'ingress': start
[07:28:40.211] [bmv2] [T] [thread 7843] [2.0] [cxt 0] Applying table 'MyIngress.dmac'
[07:28:40.211] [bmv2] [D] [thread 7843] [2.0] [cxt 0] Looking up key:
* hdr.ethernet.dstAddr: 00000a000002

[07:28:40.211] [bmv2] [D] [thread 7843] [2.0] [cxt 0] Table 'MyIngress.dmac': hit with handle 0
[07:28:40.211] [bmv2] [D] [thread 7843] [2.0] [cxt 0] Dumping entry 0
Match key:
* hdr.ethernet.dstAddr: EXACT     00000a000002
Action entry: MyIngress.forward - 2,

[07:28:40.211] [bmv2] [D] [thread 7843] [2.0] [cxt 0] Action entry is MyIngress.forward - 2,
[07:28:40.211] [bmv2] [T] [thread 7843] [2.0] [cxt 0] Action MyIngress.forward
[07:28:40.211] [bmv2] [T] [thread 7843] [2.0] [cxt 0] /home/p4/simple-switch/program1/p4src/program.p4(66) Primitive standard_metadata.egress_spec = egress_port
[07:28:40.211] [bmv2] [D] [thread 7843] [2.0] [cxt 0] Pipeline 'ingress': end
[07:28:40.211] [bmv2] [D] [thread 7843] [2.0] [cxt 0] Egress port is 2
[07:28:40.211] [bmv2] [D] [thread 7846] [2.0] [cxt 0] Pipeline 'egress': start
[07:28:40.211] [bmv2] [D] [thread 7846] [2.0] [cxt 0] Pipeline 'egress': end
[07:28:40.211] [bmv2] [D] [thread 7846] [2.0] [cxt 0] Deparser 'deparser': start
[07:28:40.211] [bmv2] [D] [thread 7846] [2.0] [cxt 0] Deparsing header 'ethernet'
[07:28:40.211] [bmv2] [D] [thread 7846] [2.0] [cxt 0] Deparser 'deparser': end
[07:28:40.211] [bmv2] [D] [thread 7848] [2.0] [cxt 0] Transmitting packet of size 98 out of port 2
[07:28:40.211] [bmv2] [D] [thread 7843] [3.0] [cxt 0] Processing packet received on port 2
[07:28:40.211] [bmv2] [D] [thread 7843] [3.0] [cxt 0] Parser 'parser': start
[07:28:40.211] [bmv2] [D] [thread 7843] [3.0] [cxt 0] Parser 'parser' entering state 'start'
[07:28:40.211] [bmv2] [D] [thread 7843] [3.0] [cxt 0] Extracting header 'ethernet'
[07:28:40.212] [bmv2] [D] [thread 7843] [3.0] [cxt 0] Parser state 'start' has no switch, going to default next state
[07:28:40.212] [bmv2] [T] [thread 7843] [3.0] [cxt 0] Bytes parsed: 14
[07:28:40.212] [bmv2] [D] [thread 7843] [3.0] [cxt 0] Parser 'parser': end
[07:28:40.212] [bmv2] [D] [thread 7843] [3.0] [cxt 0] Pipeline 'ingress': start
[07:28:40.212] [bmv2] [T] [thread 7843] [3.0] [cxt 0] Applying table 'MyIngress.dmac'
[07:28:40.212] [bmv2] [D] [thread 7843] [3.0] [cxt 0] Looking up key:
* hdr.ethernet.dstAddr: 00000a000001

[07:28:40.212] [bmv2] [D] [thread 7843] [3.0] [cxt 0] Table 'MyIngress.dmac': miss
[07:28:40.212] [bmv2] [D] [thread 7843] [3.0] [cxt 0] Action entry is NoAction - 
[07:28:40.212] [bmv2] [T] [thread 7843] [3.0] [cxt 0] Action NoAction
[07:28:40.212] [bmv2] [D] [thread 7843] [3.0] [cxt 0] Pipeline 'ingress': end
[07:28:40.212] [bmv2] [D] [thread 7843] [3.0] [cxt 0] Egress port is 0
[07:28:40.212] [bmv2] [D] [thread 7844] [3.0] [cxt 0] Pipeline 'egress': start
[07:28:40.212] [bmv2] [D] [thread 7844] [3.0] [cxt 0] Pipeline 'egress': end
[07:28:40.212] [bmv2] [D] [thread 7844] [3.0] [cxt 0] Deparser 'deparser': start
[07:28:40.212] [bmv2] [D] [thread 7844] [3.0] [cxt 0] Deparsing header 'ethernet'
[07:28:40.212] [bmv2] [D] [thread 7844] [3.0] [cxt 0] Deparser 'deparser': end
[07:28:40.212] [bmv2] [D] [thread 7848] [3.0] [cxt 0] Transmitting packet of size 98 out of port 0
[07:28:50.226] [bmv2] [D] [thread 7843] [4.0] [cxt 0] Processing packet received on port 1
[07:28:50.226] [bmv2] [D] [thread 7843] [4.0] [cxt 0] Parser 'parser': start
[07:28:50.226] [bmv2] [D] [thread 7843] [4.0] [cxt 0] Parser 'parser' entering state 'start'
[07:28:50.226] [bmv2] [D] [thread 7843] [4.0] [cxt 0] Extracting header 'ethernet'
[07:28:50.226] [bmv2] [D] [thread 7843] [4.0] [cxt 0] Parser state 'start' has no switch, going to default next state
[07:28:50.226] [bmv2] [T] [thread 7843] [4.0] [cxt 0] Bytes parsed: 14
[07:28:50.226] [bmv2] [D] [thread 7843] [4.0] [cxt 0] Parser 'parser': end
[07:28:50.226] [bmv2] [D] [thread 7843] [4.0] [cxt 0] Pipeline 'ingress': start
[07:28:50.226] [bmv2] [T] [thread 7843] [4.0] [cxt 0] Applying table 'MyIngress.dmac'
[07:28:50.226] [bmv2] [D] [thread 7843] [4.0] [cxt 0] Looking up key:
* hdr.ethernet.dstAddr: 00000a000003

[07:28:50.226] [bmv2] [D] [thread 7843] [4.0] [cxt 0] Table 'MyIngress.dmac': hit with handle 1
[07:28:50.226] [bmv2] [D] [thread 7843] [4.0] [cxt 0] Dumping entry 1
Match key:
* hdr.ethernet.dstAddr: EXACT     00000a000003
Action entry: MyIngress.forward - 3,

[07:28:50.226] [bmv2] [D] [thread 7843] [4.0] [cxt 0] Action entry is MyIngress.forward - 3,
[07:28:50.226] [bmv2] [T] [thread 7843] [4.0] [cxt 0] Action MyIngress.forward
[07:28:50.226] [bmv2] [T] [thread 7843] [4.0] [cxt 0] /home/p4/simple-switch/program1/p4src/program.p4(66) Primitive standard_metadata.egress_spec = egress_port
[07:28:50.226] [bmv2] [D] [thread 7843] [4.0] [cxt 0] Pipeline 'ingress': end
[07:28:50.226] [bmv2] [D] [thread 7843] [4.0] [cxt 0] Egress port is 3
[07:28:50.226] [bmv2] [D] [thread 7847] [4.0] [cxt 0] Pipeline 'egress': start
[07:28:50.226] [bmv2] [D] [thread 7847] [4.0] [cxt 0] Pipeline 'egress': end
[07:28:50.226] [bmv2] [D] [thread 7847] [4.0] [cxt 0] Deparser 'deparser': start
[07:28:50.226] [bmv2] [D] [thread 7847] [4.0] [cxt 0] Deparsing header 'ethernet'
[07:28:50.226] [bmv2] [D] [thread 7847] [4.0] [cxt 0] Deparser 'deparser': end
[07:28:50.226] [bmv2] [D] [thread 7848] [4.0] [cxt 0] Transmitting packet of size 98 out of port 3
[07:28:50.227] [bmv2] [D] [thread 7843] [5.0] [cxt 0] Processing packet received on port 3
[07:28:50.227] [bmv2] [D] [thread 7843] [5.0] [cxt 0] Parser 'parser': start
[07:28:50.227] [bmv2] [D] [thread 7843] [5.0] [cxt 0] Parser 'parser' entering state 'start'
[07:28:50.227] [bmv2] [D] [thread 7843] [5.0] [cxt 0] Extracting header 'ethernet'
[07:28:50.227] [bmv2] [D] [thread 7843] [5.0] [cxt 0] Parser state 'start' has no switch, going to default next state
[07:28:50.227] [bmv2] [T] [thread 7843] [5.0] [cxt 0] Bytes parsed: 14
[07:28:50.227] [bmv2] [D] [thread 7843] [5.0] [cxt 0] Parser 'parser': end
[07:28:50.227] [bmv2] [D] [thread 7843] [5.0] [cxt 0] Pipeline 'ingress': start
[07:28:50.227] [bmv2] [T] [thread 7843] [5.0] [cxt 0] Applying table 'MyIngress.dmac'
[07:28:50.227] [bmv2] [D] [thread 7843] [5.0] [cxt 0] Looking up key:
* hdr.ethernet.dstAddr: 00000a000001

[07:28:50.227] [bmv2] [D] [thread 7843] [5.0] [cxt 0] Table 'MyIngress.dmac': miss
[07:28:50.227] [bmv2] [D] [thread 7843] [5.0] [cxt 0] Action entry is NoAction - 
[07:28:50.227] [bmv2] [T] [thread 7843] [5.0] [cxt 0] Action NoAction
[07:28:50.227] [bmv2] [D] [thread 7843] [5.0] [cxt 0] Pipeline 'ingress': end
[07:28:50.227] [bmv2] [D] [thread 7843] [5.0] [cxt 0] Egress port is 0
[07:28:50.227] [bmv2] [D] [thread 7844] [5.0] [cxt 0] Pipeline 'egress': start
[07:28:50.227] [bmv2] [D] [thread 7844] [5.0] [cxt 0] Pipeline 'egress': end
[07:28:50.227] [bmv2] [D] [thread 7844] [5.0] [cxt 0] Deparser 'deparser': start
[07:28:50.227] [bmv2] [D] [thread 7844] [5.0] [cxt 0] Deparsing header 'ethernet'
[07:28:50.227] [bmv2] [D] [thread 7844] [5.0] [cxt 0] Deparser 'deparser': end
[07:28:50.227] [bmv2] [D] [thread 7848] [5.0] [cxt 0] Transmitting packet of size 98 out of port 0
[07:29:00.234] [bmv2] [D] [thread 7843] [6.0] [cxt 0] Processing packet received on port 1
[07:29:00.234] [bmv2] [D] [thread 7843] [6.0] [cxt 0] Parser 'parser': start
[07:29:00.234] [bmv2] [D] [thread 7843] [6.0] [cxt 0] Parser 'parser' entering state 'start'
[07:29:00.234] [bmv2] [D] [thread 7843] [6.0] [cxt 0] Extracting header 'ethernet'
[07:29:00.234] [bmv2] [D] [thread 7843] [6.0] [cxt 0] Parser state 'start' has no switch, going to default next state
[07:29:00.234] [bmv2] [T] [thread 7843] [6.0] [cxt 0] Bytes parsed: 14
[07:29:00.234] [bmv2] [D] [thread 7843] [6.0] [cxt 0] Parser 'parser': end
[07:29:00.234] [bmv2] [D] [thread 7843] [6.0] [cxt 0] Pipeline 'ingress': start
[07:29:00.234] [bmv2] [T] [thread 7843] [6.0] [cxt 0] Applying table 'MyIngress.dmac'
[07:29:00.234] [bmv2] [D] [thread 7843] [6.0] [cxt 0] Looking up key:
* hdr.ethernet.dstAddr: 00000a000004

[07:29:00.234] [bmv2] [D] [thread 7843] [6.0] [cxt 0] Table 'MyIngress.dmac': hit with handle 2
[07:29:00.234] [bmv2] [D] [thread 7843] [6.0] [cxt 0] Dumping entry 2
Match key:
* hdr.ethernet.dstAddr: EXACT     00000a000004
Action entry: MyIngress.forward - 4,

[07:29:00.234] [bmv2] [D] [thread 7843] [6.0] [cxt 0] Action entry is MyIngress.forward - 4,
[07:29:00.234] [bmv2] [T] [thread 7843] [6.0] [cxt 0] Action MyIngress.forward
[07:29:00.234] [bmv2] [T] [thread 7843] [6.0] [cxt 0] /home/p4/simple-switch/program1/p4src/program.p4(66) Primitive standard_metadata.egress_spec = egress_port
[07:29:00.234] [bmv2] [D] [thread 7843] [6.0] [cxt 0] Pipeline 'ingress': end
[07:29:00.234] [bmv2] [D] [thread 7843] [6.0] [cxt 0] Egress port is 4
[07:29:00.234] [bmv2] [D] [thread 7844] [6.0] [cxt 0] Pipeline 'egress': start
[07:29:00.234] [bmv2] [D] [thread 7844] [6.0] [cxt 0] Pipeline 'egress': end
[07:29:00.234] [bmv2] [D] [thread 7844] [6.0] [cxt 0] Deparser 'deparser': start
[07:29:00.234] [bmv2] [D] [thread 7844] [6.0] [cxt 0] Deparsing header 'ethernet'
[07:29:00.234] [bmv2] [D] [thread 7844] [6.0] [cxt 0] Deparser 'deparser': end
[07:29:00.234] [bmv2] [D] [thread 7848] [6.0] [cxt 0] Transmitting packet of size 98 out of port 4
[07:29:00.234] [bmv2] [D] [thread 7843] [7.0] [cxt 0] Processing packet received on port 4
[07:29:00.234] [bmv2] [D] [thread 7843] [7.0] [cxt 0] Parser 'parser': start
[07:29:00.234] [bmv2] [D] [thread 7843] [7.0] [cxt 0] Parser 'parser' entering state 'start'
[07:29:00.234] [bmv2] [D] [thread 7843] [7.0] [cxt 0] Extracting header 'ethernet'
[07:29:00.234] [bmv2] [D] [thread 7843] [7.0] [cxt 0] Parser state 'start' has no switch, going to default next state
[07:29:00.234] [bmv2] [T] [thread 7843] [7.0] [cxt 0] Bytes parsed: 14
[07:29:00.234] [bmv2] [D] [thread 7843] [7.0] [cxt 0] Parser 'parser': end
[07:29:00.235] [bmv2] [D] [thread 7843] [7.0] [cxt 0] Pipeline 'ingress': start
[07:29:00.235] [bmv2] [T] [thread 7843] [7.0] [cxt 0] Applying table 'MyIngress.dmac'
[07:29:00.235] [bmv2] [D] [thread 7843] [7.0] [cxt 0] Looking up key:
* hdr.ethernet.dstAddr: 00000a000001

[07:29:00.235] [bmv2] [D] [thread 7843] [7.0] [cxt 0] Table 'MyIngress.dmac': miss
[07:29:00.235] [bmv2] [D] [thread 7843] [7.0] [cxt 0] Action entry is NoAction - 
[07:29:00.235] [bmv2] [T] [thread 7843] [7.0] [cxt 0] Action NoAction
[07:29:00.235] [bmv2] [D] [thread 7843] [7.0] [cxt 0] Pipeline 'ingress': end
[07:29:00.235] [bmv2] [D] [thread 7843] [7.0] [cxt 0] Egress port is 0
[07:29:00.235] [bmv2] [D] [thread 7844] [7.0] [cxt 0] Pipeline 'egress': start
[07:29:00.235] [bmv2] [D] [thread 7844] [7.0] [cxt 0] Pipeline 'egress': end
[07:29:00.235] [bmv2] [D] [thread 7844] [7.0] [cxt 0] Deparser 'deparser': start
[07:29:00.235] [bmv2] [D] [thread 7844] [7.0] [cxt 0] Deparsing header 'ethernet'
[07:29:00.235] [bmv2] [D] [thread 7844] [7.0] [cxt 0] Deparser 'deparser': end
[07:29:00.235] [bmv2] [D] [thread 7848] [7.0] [cxt 0] Transmitting packet of size 98 out of port 0
[07:29:10.236] [bmv2] [D] [thread 7843] [8.0] [cxt 0] Processing packet received on port 2
[07:29:10.236] [bmv2] [D] [thread 7843] [8.0] [cxt 0] Parser 'parser': start
[07:29:10.236] [bmv2] [D] [thread 7843] [8.0] [cxt 0] Parser 'parser' entering state 'start'
[07:29:10.236] [bmv2] [D] [thread 7843] [8.0] [cxt 0] Extracting header 'ethernet'
[07:29:10.236] [bmv2] [D] [thread 7843] [8.0] [cxt 0] Parser state 'start' has no switch, going to default next state
[07:29:10.236] [bmv2] [T] [thread 7843] [8.0] [cxt 0] Bytes parsed: 14
[07:29:10.236] [bmv2] [D] [thread 7843] [8.0] [cxt 0] Parser 'parser': end
[07:29:10.236] [bmv2] [D] [thread 7843] [8.0] [cxt 0] Pipeline 'ingress': start
[07:29:10.236] [bmv2] [T] [thread 7843] [8.0] [cxt 0] Applying table 'MyIngress.dmac'
[07:29:10.236] [bmv2] [D] [thread 7843] [8.0] [cxt 0] Looking up key:
* hdr.ethernet.dstAddr: 00000a000001

[07:29:10.236] [bmv2] [D] [thread 7843] [8.0] [cxt 0] Table 'MyIngress.dmac': miss
[07:29:10.236] [bmv2] [D] [thread 7843] [8.0] [cxt 0] Action entry is NoAction - 
[07:29:10.236] [bmv2] [T] [thread 7843] [8.0] [cxt 0] Action NoAction
[07:29:10.236] [bmv2] [D] [thread 7843] [8.0] [cxt 0] Pipeline 'ingress': end
[07:29:10.236] [bmv2] [D] [thread 7843] [8.0] [cxt 0] Egress port is 0
[07:29:10.236] [bmv2] [D] [thread 7844] [8.0] [cxt 0] Pipeline 'egress': start
[07:29:10.236] [bmv2] [D] [thread 7844] [8.0] [cxt 0] Pipeline 'egress': end
[07:29:10.236] [bmv2] [D] [thread 7844] [8.0] [cxt 0] Deparser 'deparser': start
[07:29:10.236] [bmv2] [D] [thread 7844] [8.0] [cxt 0] Deparsing header 'ethernet'
[07:29:10.236] [bmv2] [D] [thread 7844] [8.0] [cxt 0] Deparser 'deparser': end
[07:29:10.236] [bmv2] [D] [thread 7848] [8.0] [cxt 0] Transmitting packet of size 98 out of port 0
[07:29:20.238] [bmv2] [D] [thread 7843] [9.0] [cxt 0] Processing packet received on port 2
[07:29:20.239] [bmv2] [D] [thread 7843] [9.0] [cxt 0] Parser 'parser': start
[07:29:20.239] [bmv2] [D] [thread 7843] [9.0] [cxt 0] Parser 'parser' entering state 'start'
[07:29:20.239] [bmv2] [D] [thread 7843] [9.0] [cxt 0] Extracting header 'ethernet'
[07:29:20.239] [bmv2] [D] [thread 7843] [9.0] [cxt 0] Parser state 'start' has no switch, going to default next state
[07:29:20.239] [bmv2] [T] [thread 7843] [9.0] [cxt 0] Bytes parsed: 14
[07:29:20.239] [bmv2] [D] [thread 7843] [9.0] [cxt 0] Parser 'parser': end
[07:29:20.239] [bmv2] [D] [thread 7843] [9.0] [cxt 0] Pipeline 'ingress': start
[07:29:20.239] [bmv2] [T] [thread 7843] [9.0] [cxt 0] Applying table 'MyIngress.dmac'
[07:29:20.239] [bmv2] [D] [thread 7843] [9.0] [cxt 0] Looking up key:
* hdr.ethernet.dstAddr: 00000a000003

[07:29:20.239] [bmv2] [D] [thread 7843] [9.0] [cxt 0] Table 'MyIngress.dmac': hit with handle 1
[07:29:20.239] [bmv2] [D] [thread 7843] [9.0] [cxt 0] Dumping entry 1
Match key:
* hdr.ethernet.dstAddr: EXACT     00000a000003
Action entry: MyIngress.forward - 3,

[07:29:20.239] [bmv2] [D] [thread 7843] [9.0] [cxt 0] Action entry is MyIngress.forward - 3,
[07:29:20.239] [bmv2] [T] [thread 7843] [9.0] [cxt 0] Action MyIngress.forward
[07:29:20.239] [bmv2] [T] [thread 7843] [9.0] [cxt 0] /home/p4/simple-switch/program1/p4src/program.p4(66) Primitive standard_metadata.egress_spec = egress_port
[07:29:20.239] [bmv2] [D] [thread 7843] [9.0] [cxt 0] Pipeline 'ingress': end
[07:29:20.239] [bmv2] [D] [thread 7843] [9.0] [cxt 0] Egress port is 3
[07:29:20.239] [bmv2] [D] [thread 7847] [9.0] [cxt 0] Pipeline 'egress': start
[07:29:20.239] [bmv2] [D] [thread 7847] [9.0] [cxt 0] Pipeline 'egress': end
[07:29:20.239] [bmv2] [D] [thread 7847] [9.0] [cxt 0] Deparser 'deparser': start
[07:29:20.239] [bmv2] [D] [thread 7847] [9.0] [cxt 0] Deparsing header 'ethernet'
[07:29:20.239] [bmv2] [D] [thread 7847] [9.0] [cxt 0] Deparser 'deparser': end
[07:29:20.239] [bmv2] [D] [thread 7848] [9.0] [cxt 0] Transmitting packet of size 98 out of port 3
[07:29:20.239] [bmv2] [D] [thread 7843] [10.0] [cxt 0] Processing packet received on port 3
[07:29:20.239] [bmv2] [D] [thread 7843] [10.0] [cxt 0] Parser 'parser': start
[07:29:20.239] [bmv2] [D] [thread 7843] [10.0] [cxt 0] Parser 'parser' entering state 'start'
[07:29:20.239] [bmv2] [D] [thread 7843] [10.0] [cxt 0] Extracting header 'ethernet'
[07:29:20.239] [bmv2] [D] [thread 7843] [10.0] [cxt 0] Parser state 'start' has no switch, going to default next state
[07:29:20.239] [bmv2] [T] [thread 7843] [10.0] [cxt 0] Bytes parsed: 14
[07:29:20.239] [bmv2] [D] [thread 7843] [10.0] [cxt 0] Parser 'parser': end
[07:29:20.239] [bmv2] [D] [thread 7843] [10.0] [cxt 0] Pipeline 'ingress': start
[07:29:20.239] [bmv2] [T] [thread 7843] [10.0] [cxt 0] Applying table 'MyIngress.dmac'
[07:29:20.239] [bmv2] [D] [thread 7843] [10.0] [cxt 0] Looking up key:
* hdr.ethernet.dstAddr: 00000a000002

[07:29:20.239] [bmv2] [D] [thread 7843] [10.0] [cxt 0] Table 'MyIngress.dmac': hit with handle 0
[07:29:20.239] [bmv2] [D] [thread 7843] [10.0] [cxt 0] Dumping entry 0
Match key:
* hdr.ethernet.dstAddr: EXACT     00000a000002
Action entry: MyIngress.forward - 2,

[07:29:20.239] [bmv2] [D] [thread 7843] [10.0] [cxt 0] Action entry is MyIngress.forward - 2,
[07:29:20.239] [bmv2] [T] [thread 7843] [10.0] [cxt 0] Action MyIngress.forward
[07:29:20.239] [bmv2] [T] [thread 7843] [10.0] [cxt 0] /home/p4/simple-switch/program1/p4src/program.p4(66) Primitive standard_metadata.egress_spec = egress_port
[07:29:20.239] [bmv2] [D] [thread 7843] [10.0] [cxt 0] Pipeline 'ingress': end
[07:29:20.239] [bmv2] [D] [thread 7843] [10.0] [cxt 0] Egress port is 2
[07:29:20.239] [bmv2] [D] [thread 7846] [10.0] [cxt 0] Pipeline 'egress': start
[07:29:20.239] [bmv2] [D] [thread 7846] [10.0] [cxt 0] Pipeline 'egress': end
[07:29:20.239] [bmv2] [D] [thread 7846] [10.0] [cxt 0] Deparser 'deparser': start
[07:29:20.239] [bmv2] [D] [thread 7846] [10.0] [cxt 0] Deparsing header 'ethernet'
[07:29:20.239] [bmv2] [D] [thread 7846] [10.0] [cxt 0] Deparser 'deparser': end
[07:29:20.239] [bmv2] [D] [thread 7848] [10.0] [cxt 0] Transmitting packet of size 98 out of port 2
[07:29:20.241] [bmv2] [D] [thread 7843] [11.0] [cxt 0] Processing packet received on port 2
[07:29:20.242] [bmv2] [D] [thread 7843] [11.0] [cxt 0] Parser 'parser': start
[07:29:20.242] [bmv2] [D] [thread 7843] [11.0] [cxt 0] Parser 'parser' entering state 'start'
[07:29:20.242] [bmv2] [D] [thread 7843] [11.0] [cxt 0] Extracting header 'ethernet'
[07:29:20.242] [bmv2] [D] [thread 7843] [11.0] [cxt 0] Parser state 'start' has no switch, going to default next state
[07:29:20.242] [bmv2] [T] [thread 7843] [11.0] [cxt 0] Bytes parsed: 14
[07:29:20.242] [bmv2] [D] [thread 7843] [11.0] [cxt 0] Parser 'parser': end
[07:29:20.242] [bmv2] [D] [thread 7843] [11.0] [cxt 0] Pipeline 'ingress': start
[07:29:20.242] [bmv2] [T] [thread 7843] [11.0] [cxt 0] Applying table 'MyIngress.dmac'
[07:29:20.242] [bmv2] [D] [thread 7843] [11.0] [cxt 0] Looking up key:
* hdr.ethernet.dstAddr: 00000a000004

[07:29:20.242] [bmv2] [D] [thread 7843] [11.0] [cxt 0] Table 'MyIngress.dmac': hit with handle 2
[07:29:20.242] [bmv2] [D] [thread 7843] [11.0] [cxt 0] Dumping entry 2
Match key:
* hdr.ethernet.dstAddr: EXACT     00000a000004
Action entry: MyIngress.forward - 4,

[07:29:20.242] [bmv2] [D] [thread 7843] [11.0] [cxt 0] Action entry is MyIngress.forward - 4,
[07:29:20.242] [bmv2] [T] [thread 7843] [11.0] [cxt 0] Action MyIngress.forward
[07:29:20.242] [bmv2] [T] [thread 7843] [11.0] [cxt 0] /home/p4/simple-switch/program1/p4src/program.p4(66) Primitive standard_metadata.egress_spec = egress_port
[07:29:20.242] [bmv2] [D] [thread 7843] [11.0] [cxt 0] Pipeline 'ingress': end
[07:29:20.242] [bmv2] [D] [thread 7843] [11.0] [cxt 0] Egress port is 4
[07:29:20.242] [bmv2] [D] [thread 7844] [11.0] [cxt 0] Pipeline 'egress': start
[07:29:20.242] [bmv2] [D] [thread 7844] [11.0] [cxt 0] Pipeline 'egress': end
[07:29:20.242] [bmv2] [D] [thread 7844] [11.0] [cxt 0] Deparser 'deparser': start
[07:29:20.242] [bmv2] [D] [thread 7844] [11.0] [cxt 0] Deparsing header 'ethernet'
[07:29:20.242] [bmv2] [D] [thread 7844] [11.0] [cxt 0] Deparser 'deparser': end
[07:29:20.242] [bmv2] [D] [thread 7848] [11.0] [cxt 0] Transmitting packet of size 98 out of port 4
[07:29:20.242] [bmv2] [D] [thread 7843] [12.0] [cxt 0] Processing packet received on port 4
[07:29:20.242] [bmv2] [D] [thread 7843] [12.0] [cxt 0] Parser 'parser': start
[07:29:20.242] [bmv2] [D] [thread 7843] [12.0] [cxt 0] Parser 'parser' entering state 'start'
[07:29:20.242] [bmv2] [D] [thread 7843] [12.0] [cxt 0] Extracting header 'ethernet'
[07:29:20.242] [bmv2] [D] [thread 7843] [12.0] [cxt 0] Parser state 'start' has no switch, going to default next state
[07:29:20.242] [bmv2] [T] [thread 7843] [12.0] [cxt 0] Bytes parsed: 14
[07:29:20.242] [bmv2] [D] [thread 7843] [12.0] [cxt 0] Parser 'parser': end
[07:29:20.242] [bmv2] [D] [thread 7843] [12.0] [cxt 0] Pipeline 'ingress': start
[07:29:20.242] [bmv2] [T] [thread 7843] [12.0] [cxt 0] Applying table 'MyIngress.dmac'
[07:29:20.242] [bmv2] [D] [thread 7843] [12.0] [cxt 0] Looking up key:
* hdr.ethernet.dstAddr: 00000a000002

[07:29:20.242] [bmv2] [D] [thread 7843] [12.0] [cxt 0] Table 'MyIngress.dmac': hit with handle 0
[07:29:20.242] [bmv2] [D] [thread 7843] [12.0] [cxt 0] Dumping entry 0
Match key:
* hdr.ethernet.dstAddr: EXACT     00000a000002
Action entry: MyIngress.forward - 2,

[07:29:20.242] [bmv2] [D] [thread 7843] [12.0] [cxt 0] Action entry is MyIngress.forward - 2,
[07:29:20.242] [bmv2] [T] [thread 7843] [12.0] [cxt 0] Action MyIngress.forward
[07:29:20.242] [bmv2] [T] [thread 7843] [12.0] [cxt 0] /home/p4/simple-switch/program1/p4src/program.p4(66) Primitive standard_metadata.egress_spec = egress_port
[07:29:20.242] [bmv2] [D] [thread 7843] [12.0] [cxt 0] Pipeline 'ingress': end
[07:29:20.242] [bmv2] [D] [thread 7843] [12.0] [cxt 0] Egress port is 2
[07:29:20.242] [bmv2] [D] [thread 7846] [12.0] [cxt 0] Pipeline 'egress': start
[07:29:20.242] [bmv2] [D] [thread 7846] [12.0] [cxt 0] Pipeline 'egress': end
[07:29:20.242] [bmv2] [D] [thread 7846] [12.0] [cxt 0] Deparser 'deparser': start
[07:29:20.242] [bmv2] [D] [thread 7846] [12.0] [cxt 0] Deparsing header 'ethernet'
[07:29:20.242] [bmv2] [D] [thread 7846] [12.0] [cxt 0] Deparser 'deparser': end
[07:29:20.242] [bmv2] [D] [thread 7848] [12.0] [cxt 0] Transmitting packet of size 98 out of port 2
[07:29:20.244] [bmv2] [D] [thread 7843] [13.0] [cxt 0] Processing packet received on port 3
[07:29:20.244] [bmv2] [D] [thread 7843] [13.0] [cxt 0] Parser 'parser': start
[07:29:20.244] [bmv2] [D] [thread 7843] [13.0] [cxt 0] Parser 'parser' entering state 'start'
[07:29:20.244] [bmv2] [D] [thread 7843] [13.0] [cxt 0] Extracting header 'ethernet'
[07:29:20.244] [bmv2] [D] [thread 7843] [13.0] [cxt 0] Parser state 'start' has no switch, going to default next state
[07:29:20.245] [bmv2] [T] [thread 7843] [13.0] [cxt 0] Bytes parsed: 14
[07:29:20.245] [bmv2] [D] [thread 7843] [13.0] [cxt 0] Parser 'parser': end
[07:29:20.245] [bmv2] [D] [thread 7843] [13.0] [cxt 0] Pipeline 'ingress': start
[07:29:20.245] [bmv2] [T] [thread 7843] [13.0] [cxt 0] Applying table 'MyIngress.dmac'
[07:29:20.245] [bmv2] [D] [thread 7843] [13.0] [cxt 0] Looking up key:
* hdr.ethernet.dstAddr: 00000a000001

[07:29:20.245] [bmv2] [D] [thread 7843] [13.0] [cxt 0] Table 'MyIngress.dmac': miss
[07:29:20.245] [bmv2] [D] [thread 7843] [13.0] [cxt 0] Action entry is NoAction - 
[07:29:20.245] [bmv2] [T] [thread 7843] [13.0] [cxt 0] Action NoAction
[07:29:20.245] [bmv2] [D] [thread 7843] [13.0] [cxt 0] Pipeline 'ingress': end
[07:29:20.245] [bmv2] [D] [thread 7843] [13.0] [cxt 0] Egress port is 0
[07:29:20.245] [bmv2] [D] [thread 7844] [13.0] [cxt 0] Pipeline 'egress': start
[07:29:20.245] [bmv2] [D] [thread 7844] [13.0] [cxt 0] Pipeline 'egress': end
[07:29:20.245] [bmv2] [D] [thread 7844] [13.0] [cxt 0] Deparser 'deparser': start
[07:29:20.245] [bmv2] [D] [thread 7844] [13.0] [cxt 0] Deparsing header 'ethernet'
[07:29:20.245] [bmv2] [D] [thread 7844] [13.0] [cxt 0] Deparser 'deparser': end
[07:29:20.245] [bmv2] [D] [thread 7848] [13.0] [cxt 0] Transmitting packet of size 98 out of port 0
[07:29:30.256] [bmv2] [D] [thread 7843] [14.0] [cxt 0] Processing packet received on port 3
[07:29:30.256] [bmv2] [D] [thread 7843] [14.0] [cxt 0] Parser 'parser': start
[07:29:30.256] [bmv2] [D] [thread 7843] [14.0] [cxt 0] Parser 'parser' entering state 'start'
[07:29:30.256] [bmv2] [D] [thread 7843] [14.0] [cxt 0] Extracting header 'ethernet'
[07:29:30.256] [bmv2] [D] [thread 7843] [14.0] [cxt 0] Parser state 'start' has no switch, going to default next state
[07:29:30.256] [bmv2] [T] [thread 7843] [14.0] [cxt 0] Bytes parsed: 14
[07:29:30.256] [bmv2] [D] [thread 7843] [14.0] [cxt 0] Parser 'parser': end
[07:29:30.256] [bmv2] [D] [thread 7843] [14.0] [cxt 0] Pipeline 'ingress': start
[07:29:30.256] [bmv2] [T] [thread 7843] [14.0] [cxt 0] Applying table 'MyIngress.dmac'
[07:29:30.256] [bmv2] [D] [thread 7843] [14.0] [cxt 0] Looking up key:
* hdr.ethernet.dstAddr: 00000a000002

[07:29:30.256] [bmv2] [D] [thread 7843] [14.0] [cxt 0] Table 'MyIngress.dmac': hit with handle 0
[07:29:30.256] [bmv2] [D] [thread 7843] [14.0] [cxt 0] Dumping entry 0
Match key:
* hdr.ethernet.dstAddr: EXACT     00000a000002
Action entry: MyIngress.forward - 2,

[07:29:30.256] [bmv2] [D] [thread 7843] [14.0] [cxt 0] Action entry is MyIngress.forward - 2,
[07:29:30.256] [bmv2] [T] [thread 7843] [14.0] [cxt 0] Action MyIngress.forward
[07:29:30.256] [bmv2] [T] [thread 7843] [14.0] [cxt 0] /home/p4/simple-switch/program1/p4src/program.p4(66) Primitive standard_metadata.egress_spec = egress_port
[07:29:30.256] [bmv2] [D] [thread 7843] [14.0] [cxt 0] Pipeline 'ingress': end
[07:29:30.256] [bmv2] [D] [thread 7843] [14.0] [cxt 0] Egress port is 2
[07:29:30.256] [bmv2] [D] [thread 7846] [14.0] [cxt 0] Pipeline 'egress': start
[07:29:30.256] [bmv2] [D] [thread 7846] [14.0] [cxt 0] Pipeline 'egress': end
[07:29:30.256] [bmv2] [D] [thread 7846] [14.0] [cxt 0] Deparser 'deparser': start
[07:29:30.256] [bmv2] [D] [thread 7846] [14.0] [cxt 0] Deparsing header 'ethernet'
[07:29:30.256] [bmv2] [D] [thread 7846] [14.0] [cxt 0] Deparser 'deparser': end
[07:29:30.256] [bmv2] [D] [thread 7848] [14.0] [cxt 0] Transmitting packet of size 98 out of port 2
[07:29:30.256] [bmv2] [D] [thread 7843] [15.0] [cxt 0] Processing packet received on port 2
[07:29:30.256] [bmv2] [D] [thread 7843] [15.0] [cxt 0] Parser 'parser': start
[07:29:30.256] [bmv2] [D] [thread 7843] [15.0] [cxt 0] Parser 'parser' entering state 'start'
[07:29:30.256] [bmv2] [D] [thread 7843] [15.0] [cxt 0] Extracting header 'ethernet'
[07:29:30.256] [bmv2] [D] [thread 7843] [15.0] [cxt 0] Parser state 'start' has no switch, going to default next state
[07:29:30.256] [bmv2] [T] [thread 7843] [15.0] [cxt 0] Bytes parsed: 14
[07:29:30.256] [bmv2] [D] [thread 7843] [15.0] [cxt 0] Parser 'parser': end
[07:29:30.256] [bmv2] [D] [thread 7843] [15.0] [cxt 0] Pipeline 'ingress': start
[07:29:30.256] [bmv2] [T] [thread 7843] [15.0] [cxt 0] Applying table 'MyIngress.dmac'
[07:29:30.256] [bmv2] [D] [thread 7843] [15.0] [cxt 0] Looking up key:
* hdr.ethernet.dstAddr: 00000a000003

[07:29:30.256] [bmv2] [D] [thread 7843] [15.0] [cxt 0] Table 'MyIngress.dmac': hit with handle 1
[07:29:30.256] [bmv2] [D] [thread 7843] [15.0] [cxt 0] Dumping entry 1
Match key:
* hdr.ethernet.dstAddr: EXACT     00000a000003
Action entry: MyIngress.forward - 3,

[07:29:30.256] [bmv2] [D] [thread 7843] [15.0] [cxt 0] Action entry is MyIngress.forward - 3,
[07:29:30.256] [bmv2] [T] [thread 7843] [15.0] [cxt 0] Action MyIngress.forward
[07:29:30.257] [bmv2] [T] [thread 7843] [15.0] [cxt 0] /home/p4/simple-switch/program1/p4src/program.p4(66) Primitive standard_metadata.egress_spec = egress_port
[07:29:30.257] [bmv2] [D] [thread 7843] [15.0] [cxt 0] Pipeline 'ingress': end
[07:29:30.257] [bmv2] [D] [thread 7843] [15.0] [cxt 0] Egress port is 3
[07:29:30.257] [bmv2] [D] [thread 7847] [15.0] [cxt 0] Pipeline 'egress': start
[07:29:30.257] [bmv2] [D] [thread 7847] [15.0] [cxt 0] Pipeline 'egress': end
[07:29:30.257] [bmv2] [D] [thread 7847] [15.0] [cxt 0] Deparser 'deparser': start
[07:29:30.257] [bmv2] [D] [thread 7847] [15.0] [cxt 0] Deparsing header 'ethernet'
[07:29:30.257] [bmv2] [D] [thread 7847] [15.0] [cxt 0] Deparser 'deparser': end
[07:29:30.257] [bmv2] [D] [thread 7848] [15.0] [cxt 0] Transmitting packet of size 98 out of port 3
[07:29:30.259] [bmv2] [D] [thread 7843] [16.0] [cxt 0] Processing packet received on port 3
[07:29:30.259] [bmv2] [D] [thread 7843] [16.0] [cxt 0] Parser 'parser': start
[07:29:30.259] [bmv2] [D] [thread 7843] [16.0] [cxt 0] Parser 'parser' entering state 'start'
[07:29:30.259] [bmv2] [D] [thread 7843] [16.0] [cxt 0] Extracting header 'ethernet'
[07:29:30.259] [bmv2] [D] [thread 7843] [16.0] [cxt 0] Parser state 'start' has no switch, going to default next state
[07:29:30.259] [bmv2] [T] [thread 7843] [16.0] [cxt 0] Bytes parsed: 14
[07:29:30.259] [bmv2] [D] [thread 7843] [16.0] [cxt 0] Parser 'parser': end
[07:29:30.259] [bmv2] [D] [thread 7843] [16.0] [cxt 0] Pipeline 'ingress': start
[07:29:30.259] [bmv2] [T] [thread 7843] [16.0] [cxt 0] Applying table 'MyIngress.dmac'
[07:29:30.259] [bmv2] [D] [thread 7843] [16.0] [cxt 0] Looking up key:
* hdr.ethernet.dstAddr: 00000a000004

[07:29:30.259] [bmv2] [D] [thread 7843] [16.0] [cxt 0] Table 'MyIngress.dmac': hit with handle 2
[07:29:30.259] [bmv2] [D] [thread 7843] [16.0] [cxt 0] Dumping entry 2
Match key:
* hdr.ethernet.dstAddr: EXACT     00000a000004
Action entry: MyIngress.forward - 4,

[07:29:30.259] [bmv2] [D] [thread 7843] [16.0] [cxt 0] Action entry is MyIngress.forward - 4,
[07:29:30.259] [bmv2] [T] [thread 7843] [16.0] [cxt 0] Action MyIngress.forward
[07:29:30.259] [bmv2] [T] [thread 7843] [16.0] [cxt 0] /home/p4/simple-switch/program1/p4src/program.p4(66) Primitive standard_metadata.egress_spec = egress_port
[07:29:30.259] [bmv2] [D] [thread 7843] [16.0] [cxt 0] Pipeline 'ingress': end
[07:29:30.259] [bmv2] [D] [thread 7843] [16.0] [cxt 0] Egress port is 4
[07:29:30.259] [bmv2] [D] [thread 7844] [16.0] [cxt 0] Pipeline 'egress': start
[07:29:30.259] [bmv2] [D] [thread 7844] [16.0] [cxt 0] Pipeline 'egress': end
[07:29:30.259] [bmv2] [D] [thread 7844] [16.0] [cxt 0] Deparser 'deparser': start
[07:29:30.259] [bmv2] [D] [thread 7844] [16.0] [cxt 0] Deparsing header 'ethernet'
[07:29:30.259] [bmv2] [D] [thread 7844] [16.0] [cxt 0] Deparser 'deparser': end
[07:29:30.259] [bmv2] [D] [thread 7848] [16.0] [cxt 0] Transmitting packet of size 98 out of port 4
[07:29:30.259] [bmv2] [D] [thread 7843] [17.0] [cxt 0] Processing packet received on port 4
[07:29:30.259] [bmv2] [D] [thread 7843] [17.0] [cxt 0] Parser 'parser': start
[07:29:30.259] [bmv2] [D] [thread 7843] [17.0] [cxt 0] Parser 'parser' entering state 'start'
[07:29:30.259] [bmv2] [D] [thread 7843] [17.0] [cxt 0] Extracting header 'ethernet'
[07:29:30.259] [bmv2] [D] [thread 7843] [17.0] [cxt 0] Parser state 'start' has no switch, going to default next state
[07:29:30.259] [bmv2] [T] [thread 7843] [17.0] [cxt 0] Bytes parsed: 14
[07:29:30.259] [bmv2] [D] [thread 7843] [17.0] [cxt 0] Parser 'parser': end
[07:29:30.259] [bmv2] [D] [thread 7843] [17.0] [cxt 0] Pipeline 'ingress': start
[07:29:30.259] [bmv2] [T] [thread 7843] [17.0] [cxt 0] Applying table 'MyIngress.dmac'
[07:29:30.259] [bmv2] [D] [thread 7843] [17.0] [cxt 0] Looking up key:
* hdr.ethernet.dstAddr: 00000a000003

[07:29:30.259] [bmv2] [D] [thread 7843] [17.0] [cxt 0] Table 'MyIngress.dmac': hit with handle 1
[07:29:30.259] [bmv2] [D] [thread 7843] [17.0] [cxt 0] Dumping entry 1
Match key:
* hdr.ethernet.dstAddr: EXACT     00000a000003
Action entry: MyIngress.forward - 3,

[07:29:30.259] [bmv2] [D] [thread 7843] [17.0] [cxt 0] Action entry is MyIngress.forward - 3,
[07:29:30.259] [bmv2] [T] [thread 7843] [17.0] [cxt 0] Action MyIngress.forward
[07:29:30.259] [bmv2] [T] [thread 7843] [17.0] [cxt 0] /home/p4/simple-switch/program1/p4src/program.p4(66) Primitive standard_metadata.egress_spec = egress_port
[07:29:30.259] [bmv2] [D] [thread 7843] [17.0] [cxt 0] Pipeline 'ingress': end
[07:29:30.259] [bmv2] [D] [thread 7843] [17.0] [cxt 0] Egress port is 3
[07:29:30.259] [bmv2] [D] [thread 7847] [17.0] [cxt 0] Pipeline 'egress': start
[07:29:30.259] [bmv2] [D] [thread 7847] [17.0] [cxt 0] Pipeline 'egress': end
[07:29:30.259] [bmv2] [D] [thread 7847] [17.0] [cxt 0] Deparser 'deparser': start
[07:29:30.260] [bmv2] [D] [thread 7847] [17.0] [cxt 0] Deparsing header 'ethernet'
[07:29:30.260] [bmv2] [D] [thread 7847] [17.0] [cxt 0] Deparser 'deparser': end
[07:29:30.260] [bmv2] [D] [thread 7848] [17.0] [cxt 0] Transmitting packet of size 98 out of port 3
[07:29:30.261] [bmv2] [D] [thread 7843] [18.0] [cxt 0] Processing packet received on port 4
[07:29:30.261] [bmv2] [D] [thread 7843] [18.0] [cxt 0] Parser 'parser': start
[07:29:30.261] [bmv2] [D] [thread 7843] [18.0] [cxt 0] Parser 'parser' entering state 'start'
[07:29:30.261] [bmv2] [D] [thread 7843] [18.0] [cxt 0] Extracting header 'ethernet'
[07:29:30.261] [bmv2] [D] [thread 7843] [18.0] [cxt 0] Parser state 'start' has no switch, going to default next state
[07:29:30.261] [bmv2] [T] [thread 7843] [18.0] [cxt 0] Bytes parsed: 14
[07:29:30.262] [bmv2] [D] [thread 7843] [18.0] [cxt 0] Parser 'parser': end
[07:29:30.262] [bmv2] [D] [thread 7843] [18.0] [cxt 0] Pipeline 'ingress': start
[07:29:30.262] [bmv2] [T] [thread 7843] [18.0] [cxt 0] Applying table 'MyIngress.dmac'
[07:29:30.262] [bmv2] [D] [thread 7843] [18.0] [cxt 0] Looking up key:
* hdr.ethernet.dstAddr: 00000a000001

[07:29:30.262] [bmv2] [D] [thread 7843] [18.0] [cxt 0] Table 'MyIngress.dmac': miss
[07:29:30.262] [bmv2] [D] [thread 7843] [18.0] [cxt 0] Action entry is NoAction - 
[07:29:30.262] [bmv2] [T] [thread 7843] [18.0] [cxt 0] Action NoAction
[07:29:30.262] [bmv2] [D] [thread 7843] [18.0] [cxt 0] Pipeline 'ingress': end
[07:29:30.262] [bmv2] [D] [thread 7843] [18.0] [cxt 0] Egress port is 0
[07:29:30.262] [bmv2] [D] [thread 7844] [18.0] [cxt 0] Pipeline 'egress': start
[07:29:30.262] [bmv2] [D] [thread 7844] [18.0] [cxt 0] Pipeline 'egress': end
[07:29:30.262] [bmv2] [D] [thread 7844] [18.0] [cxt 0] Deparser 'deparser': start
[07:29:30.262] [bmv2] [D] [thread 7844] [18.0] [cxt 0] Deparsing header 'ethernet'
[07:29:30.262] [bmv2] [D] [thread 7844] [18.0] [cxt 0] Deparser 'deparser': end
[07:29:30.262] [bmv2] [D] [thread 7848] [18.0] [cxt 0] Transmitting packet of size 98 out of port 0
[07:29:40.265] [bmv2] [D] [thread 7843] [19.0] [cxt 0] Processing packet received on port 4
[07:29:40.265] [bmv2] [D] [thread 7843] [19.0] [cxt 0] Parser 'parser': start
[07:29:40.265] [bmv2] [D] [thread 7843] [19.0] [cxt 0] Parser 'parser' entering state 'start'
[07:29:40.265] [bmv2] [D] [thread 7843] [19.0] [cxt 0] Extracting header 'ethernet'
[07:29:40.265] [bmv2] [D] [thread 7843] [19.0] [cxt 0] Parser state 'start' has no switch, going to default next state
[07:29:40.265] [bmv2] [T] [thread 7843] [19.0] [cxt 0] Bytes parsed: 14
[07:29:40.265] [bmv2] [D] [thread 7843] [19.0] [cxt 0] Parser 'parser': end
[07:29:40.265] [bmv2] [D] [thread 7843] [19.0] [cxt 0] Pipeline 'ingress': start
[07:29:40.265] [bmv2] [T] [thread 7843] [19.0] [cxt 0] Applying table 'MyIngress.dmac'
[07:29:40.265] [bmv2] [D] [thread 7843] [19.0] [cxt 0] Looking up key:
* hdr.ethernet.dstAddr: 00000a000002

[07:29:40.265] [bmv2] [D] [thread 7843] [19.0] [cxt 0] Table 'MyIngress.dmac': hit with handle 0
[07:29:40.266] [bmv2] [D] [thread 7843] [19.0] [cxt 0] Dumping entry 0
Match key:
* hdr.ethernet.dstAddr: EXACT     00000a000002
Action entry: MyIngress.forward - 2,

[07:29:40.266] [bmv2] [D] [thread 7843] [19.0] [cxt 0] Action entry is MyIngress.forward - 2,
[07:29:40.266] [bmv2] [T] [thread 7843] [19.0] [cxt 0] Action MyIngress.forward
[07:29:40.266] [bmv2] [T] [thread 7843] [19.0] [cxt 0] /home/p4/simple-switch/program1/p4src/program.p4(66) Primitive standard_metadata.egress_spec = egress_port
[07:29:40.266] [bmv2] [D] [thread 7843] [19.0] [cxt 0] Pipeline 'ingress': end
[07:29:40.266] [bmv2] [D] [thread 7843] [19.0] [cxt 0] Egress port is 2
[07:29:40.266] [bmv2] [D] [thread 7846] [19.0] [cxt 0] Pipeline 'egress': start
[07:29:40.266] [bmv2] [D] [thread 7846] [19.0] [cxt 0] Pipeline 'egress': end
[07:29:40.266] [bmv2] [D] [thread 7846] [19.0] [cxt 0] Deparser 'deparser': start
[07:29:40.266] [bmv2] [D] [thread 7846] [19.0] [cxt 0] Deparsing header 'ethernet'
[07:29:40.266] [bmv2] [D] [thread 7846] [19.0] [cxt 0] Deparser 'deparser': end
[07:29:40.266] [bmv2] [D] [thread 7848] [19.0] [cxt 0] Transmitting packet of size 98 out of port 2
[07:29:40.266] [bmv2] [D] [thread 7843] [20.0] [cxt 0] Processing packet received on port 2
[07:29:40.266] [bmv2] [D] [thread 7843] [20.0] [cxt 0] Parser 'parser': start
[07:29:40.266] [bmv2] [D] [thread 7843] [20.0] [cxt 0] Parser 'parser' entering state 'start'
[07:29:40.266] [bmv2] [D] [thread 7843] [20.0] [cxt 0] Extracting header 'ethernet'
[07:29:40.266] [bmv2] [D] [thread 7843] [20.0] [cxt 0] Parser state 'start' has no switch, going to default next state
[07:29:40.266] [bmv2] [T] [thread 7843] [20.0] [cxt 0] Bytes parsed: 14
[07:29:40.266] [bmv2] [D] [thread 7843] [20.0] [cxt 0] Parser 'parser': end
[07:29:40.266] [bmv2] [D] [thread 7843] [20.0] [cxt 0] Pipeline 'ingress': start
[07:29:40.266] [bmv2] [T] [thread 7843] [20.0] [cxt 0] Applying table 'MyIngress.dmac'
[07:29:40.266] [bmv2] [D] [thread 7843] [20.0] [cxt 0] Looking up key:
* hdr.ethernet.dstAddr: 00000a000004

[07:29:40.266] [bmv2] [D] [thread 7843] [20.0] [cxt 0] Table 'MyIngress.dmac': hit with handle 2
[07:29:40.266] [bmv2] [D] [thread 7843] [20.0] [cxt 0] Dumping entry 2
Match key:
* hdr.ethernet.dstAddr: EXACT     00000a000004
Action entry: MyIngress.forward - 4,

[07:29:40.266] [bmv2] [D] [thread 7843] [20.0] [cxt 0] Action entry is MyIngress.forward - 4,
[07:29:40.266] [bmv2] [T] [thread 7843] [20.0] [cxt 0] Action MyIngress.forward
[07:29:40.266] [bmv2] [T] [thread 7843] [20.0] [cxt 0] /home/p4/simple-switch/program1/p4src/program.p4(66) Primitive standard_metadata.egress_spec = egress_port
[07:29:40.266] [bmv2] [D] [thread 7843] [20.0] [cxt 0] Pipeline 'ingress': end
[07:29:40.266] [bmv2] [D] [thread 7843] [20.0] [cxt 0] Egress port is 4
[07:29:40.266] [bmv2] [D] [thread 7844] [20.0] [cxt 0] Pipeline 'egress': start
[07:29:40.266] [bmv2] [D] [thread 7844] [20.0] [cxt 0] Pipeline 'egress': end
[07:29:40.266] [bmv2] [D] [thread 7844] [20.0] [cxt 0] Deparser 'deparser': start
[07:29:40.266] [bmv2] [D] [thread 7844] [20.0] [cxt 0] Deparsing header 'ethernet'
[07:29:40.266] [bmv2] [D] [thread 7844] [20.0] [cxt 0] Deparser 'deparser': end
[07:29:40.266] [bmv2] [D] [thread 7848] [20.0] [cxt 0] Transmitting packet of size 98 out of port 4
[07:29:40.268] [bmv2] [D] [thread 7843] [21.0] [cxt 0] Processing packet received on port 4
[07:29:40.268] [bmv2] [D] [thread 7843] [21.0] [cxt 0] Parser 'parser': start
[07:29:40.268] [bmv2] [D] [thread 7843] [21.0] [cxt 0] Parser 'parser' entering state 'start'
[07:29:40.268] [bmv2] [D] [thread 7843] [21.0] [cxt 0] Extracting header 'ethernet'
[07:29:40.268] [bmv2] [D] [thread 7843] [21.0] [cxt 0] Parser state 'start' has no switch, going to default next state
[07:29:40.268] [bmv2] [T] [thread 7843] [21.0] [cxt 0] Bytes parsed: 14
[07:29:40.268] [bmv2] [D] [thread 7843] [21.0] [cxt 0] Parser 'parser': end
[07:29:40.268] [bmv2] [D] [thread 7843] [21.0] [cxt 0] Pipeline 'ingress': start
[07:29:40.268] [bmv2] [T] [thread 7843] [21.0] [cxt 0] Applying table 'MyIngress.dmac'
[07:29:40.268] [bmv2] [D] [thread 7843] [21.0] [cxt 0] Looking up key:
* hdr.ethernet.dstAddr: 00000a000003

[07:29:40.268] [bmv2] [D] [thread 7843] [21.0] [cxt 0] Table 'MyIngress.dmac': hit with handle 1
[07:29:40.268] [bmv2] [D] [thread 7843] [21.0] [cxt 0] Dumping entry 1
Match key:
* hdr.ethernet.dstAddr: EXACT     00000a000003
Action entry: MyIngress.forward - 3,

[07:29:40.268] [bmv2] [D] [thread 7843] [21.0] [cxt 0] Action entry is MyIngress.forward - 3,
[07:29:40.268] [bmv2] [T] [thread 7843] [21.0] [cxt 0] Action MyIngress.forward
[07:29:40.268] [bmv2] [T] [thread 7843] [21.0] [cxt 0] /home/p4/simple-switch/program1/p4src/program.p4(66) Primitive standard_metadata.egress_spec = egress_port
[07:29:40.268] [bmv2] [D] [thread 7843] [21.0] [cxt 0] Pipeline 'ingress': end
[07:29:40.268] [bmv2] [D] [thread 7843] [21.0] [cxt 0] Egress port is 3
[07:29:40.268] [bmv2] [D] [thread 7847] [21.0] [cxt 0] Pipeline 'egress': start
[07:29:40.268] [bmv2] [D] [thread 7847] [21.0] [cxt 0] Pipeline 'egress': end
[07:29:40.268] [bmv2] [D] [thread 7847] [21.0] [cxt 0] Deparser 'deparser': start
[07:29:40.268] [bmv2] [D] [thread 7847] [21.0] [cxt 0] Deparsing header 'ethernet'
[07:29:40.268] [bmv2] [D] [thread 7847] [21.0] [cxt 0] Deparser 'deparser': end
[07:29:40.268] [bmv2] [D] [thread 7848] [21.0] [cxt 0] Transmitting packet of size 98 out of port 3
[07:29:40.268] [bmv2] [D] [thread 7843] [22.0] [cxt 0] Processing packet received on port 3
[07:29:40.268] [bmv2] [D] [thread 7843] [22.0] [cxt 0] Parser 'parser': start
[07:29:40.268] [bmv2] [D] [thread 7843] [22.0] [cxt 0] Parser 'parser' entering state 'start'
[07:29:40.268] [bmv2] [D] [thread 7843] [22.0] [cxt 0] Extracting header 'ethernet'
[07:29:40.268] [bmv2] [D] [thread 7843] [22.0] [cxt 0] Parser state 'start' has no switch, going to default next state
[07:29:40.268] [bmv2] [T] [thread 7843] [22.0] [cxt 0] Bytes parsed: 14
[07:29:40.268] [bmv2] [D] [thread 7843] [22.0] [cxt 0] Parser 'parser': end
[07:29:40.268] [bmv2] [D] [thread 7843] [22.0] [cxt 0] Pipeline 'ingress': start
[07:29:40.268] [bmv2] [T] [thread 7843] [22.0] [cxt 0] Applying table 'MyIngress.dmac'
[07:29:40.269] [bmv2] [D] [thread 7843] [22.0] [cxt 0] Looking up key:
* hdr.ethernet.dstAddr: 00000a000004

[07:29:40.269] [bmv2] [D] [thread 7843] [22.0] [cxt 0] Table 'MyIngress.dmac': hit with handle 2
[07:29:40.269] [bmv2] [D] [thread 7843] [22.0] [cxt 0] Dumping entry 2
Match key:
* hdr.ethernet.dstAddr: EXACT     00000a000004
Action entry: MyIngress.forward - 4,

[07:29:40.269] [bmv2] [D] [thread 7843] [22.0] [cxt 0] Action entry is MyIngress.forward - 4,
[07:29:40.269] [bmv2] [T] [thread 7843] [22.0] [cxt 0] Action MyIngress.forward
[07:29:40.269] [bmv2] [T] [thread 7843] [22.0] [cxt 0] /home/p4/simple-switch/program1/p4src/program.p4(66) Primitive standard_metadata.egress_spec = egress_port
[07:29:40.269] [bmv2] [D] [thread 7843] [22.0] [cxt 0] Pipeline 'ingress': end
[07:29:40.269] [bmv2] [D] [thread 7843] [22.0] [cxt 0] Egress port is 4
[07:29:40.269] [bmv2] [D] [thread 7844] [22.0] [cxt 0] Pipeline 'egress': start
[07:29:40.269] [bmv2] [D] [thread 7844] [22.0] [cxt 0] Pipeline 'egress': end
[07:29:40.269] [bmv2] [D] [thread 7844] [22.0] [cxt 0] Deparser 'deparser': start
[07:29:40.269] [bmv2] [D] [thread 7844] [22.0] [cxt 0] Deparsing header 'ethernet'
[07:29:40.269] [bmv2] [D] [thread 7844] [22.0] [cxt 0] Deparser 'deparser': end
[07:29:40.269] [bmv2] [D] [thread 7848] [22.0] [cxt 0] Transmitting packet of size 98 out of port 4
open: No such file or directory
open: No such file or directory
open: No such file or directory
