Warning: you requested the nanomsg event logger, but bmv2 was compiled without -DBMELOG, and the event logger cannot be activated
Calling target program-options parser
[18:16:10.579] [bmv2] [D] [thread 14706] Set default default entry for table 'MyIngress.dmac': NoAction - 
Adding interface s1-eth1 as port 1
[18:16:10.582] [bmv2] [D] [thread 14706] Adding interface s1-eth1 as port 1
Adding interface s1-eth2 as port 2
[18:16:10.639] [bmv2] [D] [thread 14706] Adding interface s1-eth2 as port 2
Adding interface s1-eth3 as port 3
[18:16:10.695] [bmv2] [D] [thread 14706] Adding interface s1-eth3 as port 3
Adding interface s1-eth4 as port 4
[18:16:10.743] [bmv2] [D] [thread 14706] Adding interface s1-eth4 as port 4
[18:16:10.779] [bmv2] [I] [thread 14706] Starting Thrift server on port 9090
[18:16:10.779] [bmv2] [I] [thread 14706] Thrift server was started
[18:16:10.783] [bmv2] [D] [thread 14712] [0.0] [cxt 0] Processing packet received on port 1
[18:16:10.783] [bmv2] [D] [thread 14712] [0.0] [cxt 0] Parser 'parser': start
[18:16:10.783] [bmv2] [D] [thread 14712] [0.0] [cxt 0] Parser 'parser' entering state 'start'
[18:16:10.783] [bmv2] [D] [thread 14712] [0.0] [cxt 0] Extracting header 'ethernet'
[18:16:10.783] [bmv2] [D] [thread 14712] [0.0] [cxt 0] Parser state 'start' has no switch, going to default next state
[18:16:10.783] [bmv2] [T] [thread 14712] [0.0] [cxt 0] Bytes parsed: 14
[18:16:10.783] [bmv2] [D] [thread 14712] [0.0] [cxt 0] Parser 'parser': end
[18:16:10.783] [bmv2] [D] [thread 14712] [0.0] [cxt 0] Pipeline 'ingress': start
[18:16:10.783] [bmv2] [T] [thread 14712] [0.0] [cxt 0] Applying table 'MyIngress.dmac'
[18:16:10.783] [bmv2] [D] [thread 14712] [0.0] [cxt 0] Looking up key:
* hdr.ethernet.dstAddr: 3333ff000001

[18:16:10.783] [bmv2] [D] [thread 14712] [0.0] [cxt 0] Table 'MyIngress.dmac': miss
[18:16:10.783] [bmv2] [D] [thread 14712] [0.0] [cxt 0] Action entry is NoAction - 
[18:16:10.783] [bmv2] [T] [thread 14712] [0.0] [cxt 0] Action NoAction
[18:16:10.783] [bmv2] [D] [thread 14712] [0.0] [cxt 0] Pipeline 'ingress': end
[18:16:10.783] [bmv2] [D] [thread 14712] [0.0] [cxt 0] Egress port is 0
[18:16:10.784] [bmv2] [D] [thread 14713] [0.0] [cxt 0] Pipeline 'egress': start
[18:16:10.784] [bmv2] [D] [thread 14713] [0.0] [cxt 0] Pipeline 'egress': end
[18:16:10.784] [bmv2] [D] [thread 14713] [0.0] [cxt 0] Deparser 'deparser': start
[18:16:10.784] [bmv2] [D] [thread 14713] [0.0] [cxt 0] Deparsing header 'ethernet'
[18:16:10.784] [bmv2] [D] [thread 14713] [0.0] [cxt 0] Deparser 'deparser': end
[18:16:10.784] [bmv2] [D] [thread 14717] [0.0] [cxt 0] Transmitting packet of size 86 out of port 0
[18:16:11.433] [bmv2] [T] [thread 14772] bm_get_config
[18:16:11.434] [bmv2] [T] [thread 14772] bm_mt_get_entries
[18:16:11.434] [bmv2] [T] [thread 14772] bm_reset_state
[18:16:11.434] [bmv2] [D] [thread 14772] Resetting simple_switch target-specific state
[18:16:11.434] [bmv2] [D] [thread 14772] resetting PRE state
[18:16:11.435] [bmv2] [T] [thread 14772] bm_table_add_entry
[18:16:11.435] [bmv2] [D] [thread 14772] Entry 0 added to table 'MyIngress.dmac'
[18:16:11.435] [bmv2] [D] [thread 14772] Dumping entry 0
Match key:
* hdr.ethernet.dstAddr: EXACT     00000a000001
Action entry: MyIngress.drop - 

[18:16:11.436] [bmv2] [T] [thread 14772] bm_table_add_entry
[18:16:11.436] [bmv2] [D] [thread 14772] Entry 1 added to table 'MyIngress.dmac'
[18:16:11.436] [bmv2] [D] [thread 14772] Dumping entry 1
Match key:
* hdr.ethernet.dstAddr: EXACT     00000a000002
Action entry: MyIngress.forward - 2,

[18:16:11.437] [bmv2] [T] [thread 14772] bm_table_add_entry
[18:16:11.437] [bmv2] [D] [thread 14772] Entry 2 added to table 'MyIngress.dmac'
[18:16:11.437] [bmv2] [D] [thread 14772] Dumping entry 2
Match key:
* hdr.ethernet.dstAddr: EXACT     00000a000003
Action entry: MyIngress.forward - 3,

[18:16:11.437] [bmv2] [T] [thread 14772] bm_table_add_entry
[18:16:11.437] [bmv2] [D] [thread 14772] Entry 3 added to table 'MyIngress.dmac'
[18:16:11.437] [bmv2] [D] [thread 14772] Dumping entry 3
Match key:
* hdr.ethernet.dstAddr: EXACT     00000a000004
Action entry: MyIngress.forward - 4,

[18:16:11.438] [bmv2] [T] [thread 14772] bm_mt_get_entries
[18:16:11.440] [bmv2] [T] [thread 14772] bm_mt_get_default_entry
[18:16:26.724] [bmv2] [D] [thread 14712] [1.0] [cxt 0] Processing packet received on port 1
[18:16:26.724] [bmv2] [D] [thread 14712] [1.0] [cxt 0] Parser 'parser': start
[18:16:26.724] [bmv2] [D] [thread 14712] [1.0] [cxt 0] Parser 'parser' entering state 'start'
[18:16:26.724] [bmv2] [D] [thread 14712] [1.0] [cxt 0] Extracting header 'ethernet'
[18:16:26.724] [bmv2] [D] [thread 14712] [1.0] [cxt 0] Parser state 'start' has no switch, going to default next state
[18:16:26.724] [bmv2] [T] [thread 14712] [1.0] [cxt 0] Bytes parsed: 14
[18:16:26.724] [bmv2] [D] [thread 14712] [1.0] [cxt 0] Parser 'parser': end
[18:16:26.724] [bmv2] [D] [thread 14712] [1.0] [cxt 0] Pipeline 'ingress': start
[18:16:26.724] [bmv2] [T] [thread 14712] [1.0] [cxt 0] Applying table 'MyIngress.dmac'
[18:16:26.724] [bmv2] [D] [thread 14712] [1.0] [cxt 0] Looking up key:
* hdr.ethernet.dstAddr: 00000a000002

[18:16:26.724] [bmv2] [D] [thread 14712] [1.0] [cxt 0] Table 'MyIngress.dmac': hit with handle 1
[18:16:26.724] [bmv2] [D] [thread 14712] [1.0] [cxt 0] Dumping entry 1
Match key:
* hdr.ethernet.dstAddr: EXACT     00000a000002
Action entry: MyIngress.forward - 2,

[18:16:26.724] [bmv2] [D] [thread 14712] [1.0] [cxt 0] Action entry is MyIngress.forward - 2,
[18:16:26.724] [bmv2] [T] [thread 14712] [1.0] [cxt 0] Action MyIngress.forward
[18:16:26.724] [bmv2] [T] [thread 14712] [1.0] [cxt 0] /home/p4/simple-switch/firewall/p4src/program.p4(66) Primitive standard_metadata.egress_spec = egress_port
[18:16:26.724] [bmv2] [D] [thread 14712] [1.0] [cxt 0] Pipeline 'ingress': end
[18:16:26.725] [bmv2] [D] [thread 14712] [1.0] [cxt 0] Egress port is 2
[18:16:26.725] [bmv2] [D] [thread 14715] [1.0] [cxt 0] Pipeline 'egress': start
[18:16:26.725] [bmv2] [D] [thread 14715] [1.0] [cxt 0] Pipeline 'egress': end
[18:16:26.725] [bmv2] [D] [thread 14715] [1.0] [cxt 0] Deparser 'deparser': start
[18:16:26.725] [bmv2] [D] [thread 14715] [1.0] [cxt 0] Deparsing header 'ethernet'
[18:16:26.725] [bmv2] [D] [thread 14715] [1.0] [cxt 0] Deparser 'deparser': end
[18:16:26.725] [bmv2] [D] [thread 14717] [1.0] [cxt 0] Transmitting packet of size 98 out of port 2
[18:16:26.725] [bmv2] [D] [thread 14712] [2.0] [cxt 0] Processing packet received on port 2
[18:16:26.725] [bmv2] [D] [thread 14712] [2.0] [cxt 0] Parser 'parser': start
[18:16:26.725] [bmv2] [D] [thread 14712] [2.0] [cxt 0] Parser 'parser' entering state 'start'
[18:16:26.725] [bmv2] [D] [thread 14712] [2.0] [cxt 0] Extracting header 'ethernet'
[18:16:26.725] [bmv2] [D] [thread 14712] [2.0] [cxt 0] Parser state 'start' has no switch, going to default next state
[18:16:26.725] [bmv2] [T] [thread 14712] [2.0] [cxt 0] Bytes parsed: 14
[18:16:26.725] [bmv2] [D] [thread 14712] [2.0] [cxt 0] Parser 'parser': end
[18:16:26.725] [bmv2] [D] [thread 14712] [2.0] [cxt 0] Pipeline 'ingress': start
[18:16:26.725] [bmv2] [T] [thread 14712] [2.0] [cxt 0] Applying table 'MyIngress.dmac'
[18:16:26.725] [bmv2] [D] [thread 14712] [2.0] [cxt 0] Looking up key:
* hdr.ethernet.dstAddr: 00000a000001

[18:16:26.725] [bmv2] [D] [thread 14712] [2.0] [cxt 0] Table 'MyIngress.dmac': hit with handle 0
[18:16:26.725] [bmv2] [D] [thread 14712] [2.0] [cxt 0] Dumping entry 0
Match key:
* hdr.ethernet.dstAddr: EXACT     00000a000001
Action entry: MyIngress.drop - 

[18:16:26.725] [bmv2] [D] [thread 14712] [2.0] [cxt 0] Action entry is MyIngress.drop - 
[18:16:26.725] [bmv2] [T] [thread 14712] [2.0] [cxt 0] Action MyIngress.drop
[18:16:26.725] [bmv2] [T] [thread 14712] [2.0] [cxt 0] /home/p4/simple-switch/firewall/p4src/program.p4(62) Primitive mark_to_drop(standard_metadata)
[18:16:26.725] [bmv2] [D] [thread 14712] [2.0] [cxt 0] Pipeline 'ingress': end
[18:16:26.725] [bmv2] [D] [thread 14712] [2.0] [cxt 0] Egress port is 511
[18:16:26.725] [bmv2] [D] [thread 14712] [2.0] [cxt 0] Dropping packet at the end of ingress
open: No such file or directory
open: No such file or directory
open: No such file or directory
